<?xml version="1.0" encoding="UTF-8"?>
<!-- Generated by org.testng.reporters.JUnitReportReporter -->
<testsuite hostname="amit" name="com.ust.keyworddriven.utility.CommandExecutor" tests="1" failures="0" timestamp="21 Dec 2015 11:31:18 GMT" time="8.807" errors="0">
  <testcase name="testExecute" time="8.807" classname="com.ust.keyworddriven.utility.CommandExecutor"/>
</testsuite> <!-- com.ust.keyworddriven.utility.CommandExecutor -->
