<?xml version="1.0" encoding="UTF-8"?>
<!-- Generated by org.testng.reporters.JUnitReportReporter -->
<testsuite hostname="amit" name="NodeDemo" tests="1" failures="0" timestamp="22 Dec 2015 06:14:14 GMT" time="24.390" errors="0">
  <testcase name="testOnLinux" time="24.390" classname="NodeDemo"/>
</testsuite> <!-- NodeDemo -->
